<?xml version="1.0" encoding="UTF-8"?>
<testng-results skipped="0" failed="1" ignored="0" total="6" passed="5">
  <reporter-output>
  </reporter-output>
  <suite name="My Suite" duration-ms="156" started-at="2018-04-22T07:25:54Z" finished-at="2018-04-22T07:25:54Z">
    <groups>
    </groups>
    <test name="My tests" duration-ms="156" started-at="2018-04-22T07:25:54Z" finished-at="2018-04-22T07:25:54Z">
      <class name="p1.Test2">
        <test-method status="PASS" signature="m4()[pri:4, instance:p1.Test2@6cc4c815]" name="m4" duration-ms="0" started-at="2018-04-22T12:55:54Z" finished-at="2018-04-22T12:55:54Z">
          <reporter-output>
          </reporter-output>
        </test-method> <!-- m4 -->
        <test-method status="PASS" signature="m6()[pri:7, instance:p1.Test2@6cc4c815]" name="m6" duration-ms="16" started-at="2018-04-22T12:55:54Z" finished-at="2018-04-22T12:55:54Z">
          <reporter-output>
          </reporter-output>
        </test-method> <!-- m6 -->
        <test-method status="PASS" signature="m5()[pri:3, instance:p1.Test2@6cc4c815]" name="m5" duration-ms="0" started-at="2018-04-22T12:55:54Z" finished-at="2018-04-22T12:55:54Z">
          <reporter-output>
          </reporter-output>
        </test-method> <!-- m5 -->
      </class> <!-- p1.Test2 -->
      <class name="p1.Test1">
        <test-method status="FAIL" signature="m3()[pri:0, instance:p1.Test1@4439f31e]" name="m3" duration-ms="32" started-at="2018-04-22T12:55:54Z" finished-at="2018-04-22T12:55:54Z">
          <exception class="java.lang.ArithmeticException">
            <message>
              <![CDATA[/ by zero]]>
            </message>
            <full-stacktrace>
              <![CDATA[java.lang.ArithmeticException: / by zeroat p1.Test1.m3(Test1.java:18)at sun.reflect.NativeMethodAccessorImpl.invoke0(Native Method)at sun.reflect.NativeMethodAccessorImpl.invoke(Unknown Source)at sun.reflect.DelegatingMethodAccessorImpl.invoke(Unknown Source)at java.lang.reflect.Method.invoke(Unknown Source)at org.testng.internal.MethodInvocationHelper.invokeMethod(MethodInvocationHelper.java:124)at org.testng.internal.Invoker.invokeMethod(Invoker.java:571)at org.testng.internal.Invoker.invokeTestMethod(Invoker.java:707)at org.testng.internal.Invoker.invokeTestMethods(Invoker.java:979)at org.testng.internal.TestMethodWorker.invokeTestMethods(TestMethodWorker.java:125)at org.testng.internal.TestMethodWorker.run(TestMethodWorker.java:109)at org.testng.TestRunner.privateRun(TestRunner.java:648)at org.testng.TestRunner.run(TestRunner.java:505)at org.testng.SuiteRunner.runTest(SuiteRunner.java:455)at org.testng.SuiteRunner.runSequentially(SuiteRunner.java:450)at org.testng.SuiteRunner.privateRun(SuiteRunner.java:415)at org.testng.SuiteRunner.run(SuiteRunner.java:364)at org.testng.SuiteRunnerWorker.runSuite(SuiteRunnerWorker.java:52)at org.testng.SuiteRunnerWorker.run(SuiteRunnerWorker.java:84)at org.testng.TestNG.runSuitesSequentially(TestNG.java:1187)at org.testng.TestNG.runSuitesLocally(TestNG.java:1116)at org.testng.TestNG.runSuites(TestNG.java:1028)at org.testng.TestNG.run(TestNG.java:996)at org.testng.remote.AbstractRemoteTestNG.run(AbstractRemoteTestNG.java:114)at org.testng.remote.RemoteTestNG.initAndRun(RemoteTestNG.java:251)at org.testng.remote.RemoteTestNG.main(RemoteTestNG.java:77)]]>
            </full-stacktrace>
          </exception> <!-- java.lang.ArithmeticException -->
          <reporter-output>
          </reporter-output>
        </test-method> <!-- m3 -->
        <test-method status="PASS" signature="m1()[pri:0, instance:p1.Test1@4439f31e]" name="m1" duration-ms="16" started-at="2018-04-22T12:55:54Z" finished-at="2018-04-22T12:55:54Z">
          <reporter-output>
          </reporter-output>
        </test-method> <!-- m1 -->
        <test-method status="PASS" signature="m2()[pri:0, instance:p1.Test1@4439f31e]" name="m2" duration-ms="0" started-at="2018-04-22T12:55:54Z" depends-on-methods="p1.Test1.m3" finished-at="2018-04-22T12:55:54Z">
          <reporter-output>
          </reporter-output>
        </test-method> <!-- m2 -->
      </class> <!-- p1.Test1 -->
    </test> <!-- My tests -->
  </suite> <!-- My Suite -->
</testng-results>
