<?xml version="1.0" encoding="UTF-8"?>
<!-- Generated by org.testng.reporters.JUnitXMLReporter -->
<testsuite hostname="Arati-PC" ignored="0" name="My tests" tests="6" failures="1" timestamp="22 Apr 2018 07:25:55 GMT" time="0.156" errors="0">
  <testcase name="m3" time="0.032" classname="p1.Test1">
    <failure type="java.lang.ArithmeticException" message="/ by zero">
      <![CDATA[java.lang.ArithmeticException: / by zeroat p1.Test1.m3(Test1.java:18)... Removed 25 stack frames]]>
    </failure>
  </testcase> <!-- m3 -->
  <testcase name="m1" time="0.016" classname="p1.Test1"/>
  <testcase name="m2" time="0.0" classname="p1.Test1"/>
  <testcase name="m5" time="0.0" classname="p1.Test2"/>
  <testcase name="m4" time="0.0" classname="p1.Test2"/>
  <testcase name="m6" time="0.016" classname="p1.Test2"/>
</testsuite> <!-- My tests -->
